[2023-04-09T11:25:34.260] [INFO] applicationLog - user nag  akkineni created 
[2023-04-09T11:27:35.927] [INFO] applicationLog - user venkat daggupati created 
[2023-04-09T11:28:12.948] [INFO] applicationLog - user salman khan created 
[2023-04-09T11:28:51.818] [INFO] applicationLog - user mahesh babu created 
[2023-04-09T11:30:50.856] [INFO] applicationLog - user sandeep sandy created 
[2023-04-09T11:34:32.496] [INFO] applicationLog - userData fecthed [object Object],[object Object]
[2023-04-09T11:38:22.900] [INFO] applicationLog - userData fecthed [object Object],[object Object]
[2023-04-09T11:41:32.167] [INFO] applicationLog - userData fecthed [object Object]
[2023-04-09T11:48:34.467] [INFO] applicationLog - userData fecthed 
[2023-04-09T11:55:04.079] [INFO] applicationLog - sandeep sandy followed mahesh babu
[2023-04-09T11:55:16.330] [INFO] applicationLog - userData fecthed [object Object],[object Object]
[2023-04-09T11:55:27.276] [INFO] applicationLog - userData fecthed [object Object],[object Object]
[2023-04-09T11:55:39.561] [INFO] applicationLog - userData fecthed [object Object]
[2023-04-09T11:57:13.887] [INFO] applicationLog - folloers data of maheshBabu fetched
[2023-04-09T11:57:31.365] [INFO] applicationLog - folloers data of maheshBabu fetched
[2023-04-09T12:09:32.783] [INFO] applicationLog - userDetails updated userName,venkyMama
[2023-04-09T12:20:07.521] [INFO] applicationLog - userData fecthed [object Object],[object Object]
[2023-04-09T12:20:39.414] [INFO] applicationLog - userData fecthed [object Object],[object Object]
[2023-04-09T12:29:09.842] [INFO] applicationLog - userData fecthed [object Object],[object Object]
[2023-04-09T12:29:42.486] [INFO] applicationLog - userData fecthed [object Object],[object Object]
[2023-04-09T12:31:00.819] [ERROR] applicationLog - The field 'data' must be an accumulator object
[2023-04-09T12:31:24.334] [ERROR] applicationLog - userData is not defined
[2023-04-09T12:32:16.895] [INFO] applicationLog - All usersData fecthed
[2023-04-09T12:32:32.231] [INFO] applicationLog - All usersData fecthed
[2023-04-09T12:32:39.211] [INFO] applicationLog - All usersData fecthed
[2023-04-09T12:34:29.948] [ERROR] applicationLog - The field 'name' must be an accumulator object
[2023-04-09T12:42:25.471] [INFO] applicationLog - salman khan followed mahesh babu
[2023-04-09T12:42:54.252] [INFO] applicationLog - venkat daggupati followed mahesh babu
[2023-04-09T12:43:22.252] [INFO] applicationLog - nag  akkineni followed mahesh babu
[2023-04-09T12:52:32.179] [ERROR] applicationLog - agregatedfollowersData[0]._id[0].slice is not a function
